<?xml version="1.0" encoding="UTF-8"?>
<testsuite name="evercraft.AbilitiesTest" tests="7" skipped="0" failures="0" errors="0" timestamp="2015-09-29T20:43:44" hostname="L-OFCQ0P7FD58-M" time="0.007">
  <properties/>
  <testcase name="dexterityShouldNotBeLessThan0" classname="evercraft.AbilitiesTest" time="0.005"/>
  <testcase name="shouldBeAbleToSetDexterityTo11" classname="evercraft.AbilitiesTest" time="0.0"/>
  <testcase name="strengthShouldNotPass20" classname="evercraft.AbilitiesTest" time="0.0"/>
  <testcase name="dexterityShouldNotPass20" classname="evercraft.AbilitiesTest" time="0.0"/>
  <testcase name="abilitiesShouldDefaultTo10" classname="evercraft.AbilitiesTest" time="0.0"/>
  <testcase name="shouldBeAbleToSetStrengthTo11" classname="evercraft.AbilitiesTest" time="0.001"/>
  <testcase name="strengthShouldNotBeLessThan0" classname="evercraft.AbilitiesTest" time="0.0"/>
  <system-out><![CDATA[]]></system-out>
  <system-err><![CDATA[]]></system-err>
</testsuite>
