<?xml version="1.0" encoding="UTF-8"?>
<testsuite name="evercraft.ArmorTest" tests="1" skipped="0" failures="0" errors="0" timestamp="2015-09-29T20:43:44" hostname="L-OFCQ0P7FD58-M" time="0.001">
  <properties/>
  <testcase name="getArmorReturns10" classname="evercraft.ArmorTest" time="0.001"/>
  <system-out><![CDATA[]]></system-out>
  <system-err><![CDATA[]]></system-err>
</testsuite>
